2022 11 01=da=0&email=0&email_count=0&email_count_incoming=0&email_count_outgoing=0&ftp=0&http=1642539&http_homedir=0&http_ul=13160&imap=0&other=0&pop=0&total=1642539
2022 11 02=da=0&email=0&email_count=0&email_count_incoming=0&email_count_outgoing=0&ftp=0&http=441402&http_homedir=0&http_ul=16367&imap=5128&other=0&pop=0&total=446530
2022 11 03=da=86464&email=0&email_count=0&email_count_incoming=0&email_count_outgoing=0&ftp=0&http=782427&http_homedir=0&http_ul=34387&imap=0&other=0&pop=0&total=868891
2022 11 04=da=0&email=0&email_count=0&email_count_incoming=0&email_count_outgoing=0&ftp=0&http=671522&http_homedir=0&http_ul=23943&imap=0&other=0&pop=0&total=671522
2022 11 05=da=0&email=0&email_count=0&email_count_incoming=0&email_count_outgoing=0&ftp=0&http=2216821&http_homedir=0&http_ul=29501&imap=0&other=0&pop=0&total=2216821
2022 11 06=da=0&email=0&email_count=0&email_count_incoming=0&email_count_outgoing=0&ftp=0&http=767778&http_homedir=0&http_ul=11490&imap=5128&other=0&pop=0&total=772906
2022 11 07=da=29167&email=0&email_count=0&email_count_incoming=0&email_count_outgoing=0&ftp=0&http=963540&http_homedir=0&http_ul=25329&imap=0&other=0&pop=0&total=992707
2022 11 08=da=0&email=0&email_count=0&email_count_incoming=0&email_count_outgoing=0&ftp=0&http=556492&http_homedir=0&http_ul=17397&imap=0&other=0&pop=0&total=556492
2022 11 09=da=0&email=0&email_count=0&email_count_incoming=0&email_count_outgoing=0&ftp=0&http=752030&http_homedir=0&http_ul=35143&imap=5120&other=0&pop=0&total=757150
2022 11 10=da=74582&email=0&email_count=0&email_count_incoming=0&email_count_outgoing=0&ftp=0&http=6204314&http_homedir=0&http_ul=65423&imap=0&other=0&pop=0&total=6278896
2022 11 11=da=21866&email=0&email_count=0&email_count_incoming=0&email_count_outgoing=0&ftp=0&http=199997&http_homedir=0&http_ul=4741&imap=0&other=0&pop=0&total=221863
2022 11 12=da=0&email=0&email_count=0&email_count_incoming=0&email_count_outgoing=0&ftp=0&http=3037989&http_homedir=0&http_ul=10909&imap=0&other=0&pop=0&total=3037989
2022 11 13=da=43733&email=0&email_count=0&email_count_incoming=0&email_count_outgoing=0&ftp=0&http=3833770&http_homedir=0&http_ul=65105&imap=0&other=0&pop=0&total=3877503
2022 11 14=da=0&email=0&email_count=0&email_count_incoming=0&email_count_outgoing=0&ftp=0&http=696&http_homedir=0&http_ul=375&imap=0&other=0&pop=0&total=696
2022 11 15=da=0&email=0&email_count=0&email_count_incoming=0&email_count_outgoing=0&ftp=0&http=496604&http_homedir=0&http_ul=10111&imap=0&other=0&pop=0&total=496604
2022 11 16=da=21866&email=0&email_count=0&email_count_incoming=0&email_count_outgoing=0&ftp=0&http=247138&http_homedir=0&http_ul=5391&imap=5120&other=0&pop=0&total=274124
2022 11 17=da=74592&email=0&email_count=0&email_count_incoming=0&email_count_outgoing=0&ftp=0&http=226604&http_homedir=0&http_ul=8420&imap=0&other=0&pop=0&total=301196
2022 11 18=da=21865&email=0&email_count=0&email_count_incoming=0&email_count_outgoing=0&ftp=0&http=4646833&http_homedir=0&http_ul=26826&imap=0&other=0&pop=0&total=4668698
2022 11 19=da=0&email=0&email_count=0&email_count_incoming=0&email_count_outgoing=0&ftp=0&http=4474817&http_homedir=0&http_ul=70572&imap=0&other=0&pop=0&total=4474817
2022 11 20=da=0&email=0&email_count=0&email_count_incoming=0&email_count_outgoing=0&ftp=0&http=7749&http_homedir=0&http_ul=2631&imap=0&other=0&pop=0&total=7749
2022 11 21=da=21866&email=0&email_count=0&email_count_incoming=0&email_count_outgoing=0&ftp=0&http=17786957&http_homedir=0&http_ul=121051&imap=0&other=0&pop=0&total=17808823
2022 11 22=da=48687&email=0&email_count=0&email_count_incoming=0&email_count_outgoing=0&ftp=0&http=3145607&http_homedir=0&http_ul=24147&imap=0&other=0&pop=0&total=3194294
2022 11 23=da=21867&email=0&email_count=0&email_count_incoming=0&email_count_outgoing=0&ftp=0&http=4075224&http_homedir=0&http_ul=81426&imap=0&other=0&pop=0&total=4097091
2022 11 24=da=43734&email=0&email_count=0&email_count_incoming=0&email_count_outgoing=0&ftp=0&http=3304430&http_homedir=0&http_ul=33901&imap=5128&other=0&pop=0&total=3353292
2022 11 25=da=33394&email=0&email_count=0&email_count_incoming=0&email_count_outgoing=0&ftp=0&http=3473657&http_homedir=0&http_ul=45705&imap=0&other=0&pop=0&total=3507051
2022 11 26=da=0&email=0&email_count=0&email_count_incoming=0&email_count_outgoing=0&ftp=0&http=301679&http_homedir=0&http_ul=11740&imap=0&other=0&pop=0&total=301679
2022 11 27=da=0&email=0&email_count=0&email_count_incoming=0&email_count_outgoing=0&ftp=0&http=46975304&http_homedir=0&http_ul=123087&imap=0&other=0&pop=0&total=46975304
2022 11 28=da=49073&email=0&email_count=0&email_count_incoming=0&email_count_outgoing=0&ftp=0&http=2405994&http_homedir=0&http_ul=22518&imap=0&other=0&pop=0&total=2455067
2022 11 29=da=43870&email=0&email_count=0&email_count_incoming=0&email_count_outgoing=0&ftp=0&http=2257911&http_homedir=0&http_ul=37636&imap=0&other=0&pop=0&total=2301781
2022 11 30=da=87302&email=0&email_count=0&email_count_incoming=0&email_count_outgoing=0&ftp=0&http=3003708&http_homedir=0&http_ul=12707&imap=0&other=0&pop=0&total=3091010
simpletotal=119651085
total=da=723928&email=0&email_count=0&email_count_incoming=0&email_count_outgoing=0&ftp=0&http=118901533&http_ul=991139&imap=25624&other=0&pop=0&total=119651085
