2022 10 08=da=381877&email=0&email_count=0&email_count_incoming=0&email_count_outgoing=0&ftp=12473700&http=635672&http_homedir=0&http_ul=7137&imap=0&other=0&pop=0&total=13491249
2022 10 09=da=2417042&email=0&email_count=0&email_count_incoming=0&email_count_outgoing=0&ftp=0&http=27450136&http_homedir=0&http_ul=258179&imap=0&other=0&pop=0&total=29867178
2022 10 10=da=262185&email=0&email_count=0&email_count_incoming=0&email_count_outgoing=0&ftp=0&http=57742890&http_homedir=0&http_ul=630314&imap=0&other=0&pop=0&total=58005075
2022 10 11=da=21960&email=0&email_count=0&email_count_incoming=0&email_count_outgoing=0&ftp=0&http=573942&http_homedir=0&http_ul=17291&imap=0&other=0&pop=0&total=595902
2022 10 12=da=0&email=0&email_count=0&email_count_incoming=0&email_count_outgoing=0&ftp=0&http=3681902&http_homedir=0&http_ul=65426&imap=0&other=0&pop=0&total=3681902
2022 10 13=da=0&email=0&email_count=0&email_count_incoming=0&email_count_outgoing=0&ftp=0&http=4205804&http_homedir=0&http_ul=88098&imap=0&other=0&pop=0&total=4205804
2022 10 14=da=0&email=0&email_count=0&email_count_incoming=0&email_count_outgoing=0&ftp=0&http=124228&http_homedir=0&http_ul=561&imap=4766&other=0&pop=0&total=128994
2022 10 15=da=70728&email=0&email_count=0&email_count_incoming=0&email_count_outgoing=0&ftp=0&http=4565723&http_homedir=0&http_ul=40204&imap=0&other=0&pop=0&total=4636451
2022 10 16=da=0&email=0&email_count=0&email_count_incoming=0&email_count_outgoing=0&ftp=0&http=483839&http_homedir=0&http_ul=18671&imap=0&other=0&pop=0&total=483839
2022 10 17=da=0&email=0&email_count=0&email_count_incoming=0&email_count_outgoing=0&ftp=0&http=459780&http_homedir=0&http_ul=26565&imap=0&other=0&pop=0&total=459780
2022 10 18=da=0&email=0&email_count=0&email_count_incoming=0&email_count_outgoing=0&ftp=0&http=1687787&http_homedir=0&http_ul=13918&imap=0&other=0&pop=0&total=1687787
2022 10 19=da=0&email=0&email_count=0&email_count_incoming=0&email_count_outgoing=0&ftp=0&http=93051&http_homedir=0&http_ul=2710&imap=0&other=0&pop=0&total=93051
2022 10 20=da=0&email=0&email_count=0&email_count_incoming=0&email_count_outgoing=0&ftp=0&http=476722&http_homedir=0&http_ul=28927&imap=3855&other=0&pop=0&total=480577
2022 10 21=da=300063&email=0&email_count=0&email_count_incoming=0&email_count_outgoing=0&ftp=0&http=318401&http_homedir=0&http_ul=22518&imap=0&other=0&pop=0&total=618464
2022 10 22=da=0&email=0&email_count=0&email_count_incoming=0&email_count_outgoing=0&ftp=0&http=550566&http_homedir=0&http_ul=22574&imap=0&other=0&pop=0&total=550566
2022 10 23=da=0&email=0&email_count=0&email_count_incoming=0&email_count_outgoing=0&ftp=0&http=4145959&http_homedir=0&http_ul=76413&imap=0&other=0&pop=0&total=4145959
2022 10 24=da=0&email=0&email_count=0&email_count_incoming=0&email_count_outgoing=0&ftp=0&http=239845&http_homedir=0&http_ul=8780&imap=4637&other=0&pop=0&total=244482
2022 10 25=da=84219&email=0&email_count=0&email_count_incoming=0&email_count_outgoing=0&ftp=0&http=8970139&http_homedir=0&http_ul=89113&imap=0&other=0&pop=0&total=9054358
2022 10 26=da=21567&email=0&email_count=0&email_count_incoming=0&email_count_outgoing=0&ftp=0&http=537522&http_homedir=0&http_ul=11658&imap=0&other=0&pop=0&total=559089
2022 10 27=da=0&email=0&email_count=0&email_count_incoming=0&email_count_outgoing=0&ftp=0&http=3003938&http_homedir=0&http_ul=30754&imap=0&other=0&pop=0&total=3003938
2022 10 28=da=0&email=0&email_count=0&email_count_incoming=0&email_count_outgoing=0&ftp=0&http=140986&http_homedir=0&http_ul=12059&imap=3853&other=0&pop=0&total=144839
2022 10 29=da=33169&email=0&email_count=0&email_count_incoming=0&email_count_outgoing=0&ftp=0&http=727778&http_homedir=0&http_ul=15314&imap=0&other=0&pop=0&total=760947
2022 10 30=da=0&email=0&email_count=0&email_count_incoming=0&email_count_outgoing=0&ftp=0&http=330181&http_homedir=0&http_ul=24609&imap=0&other=0&pop=0&total=330181
2022 10 31=da=103155&email=28792&email_count=1&email_count_incoming=1&email_count_outgoing=0&ftp=0&http=3146363&http_homedir=0&http_ul=32484&imap=43789&other=0&pop=0&total=3322099
simpletotal=140552511
total=da=3695965&email=28792&email_count=1&email_count_incoming=1&email_count_outgoing=0&ftp=12473700&http=124293154&http_ul=1544277&imap=60900&other=0&pop=0&total=140552511
