2022 12 01=da=0&email=0&email_count=0&email_count_incoming=0&email_count_outgoing=0&ftp=0&http=712294&http_homedir=0&http_ul=11789&imap=0&other=0&pop=0&total=712294
2022 12 02=da=43856&email=0&email_count=0&email_count_incoming=0&email_count_outgoing=0&ftp=0&http=3184167&http_homedir=0&http_ul=48131&imap=0&other=0&pop=0&total=3228023
2022 12 03=da=0&email=0&email_count=0&email_count_incoming=0&email_count_outgoing=0&ftp=0&http=169774&http_homedir=0&http_ul=4141&imap=0&other=0&pop=0&total=169774
2022 12 04=da=53456&email=0&email_count=0&email_count_incoming=0&email_count_outgoing=0&ftp=0&http=2181031&http_homedir=0&http_ul=10024&imap=0&other=0&pop=0&total=2234487
2022 12 05=da=21925&email=0&email_count=0&email_count_incoming=0&email_count_outgoing=0&ftp=0&http=236470&http_homedir=0&http_ul=8912&imap=0&other=0&pop=0&total=258395
2022 12 06=da=21925&email=0&email_count=0&email_count_incoming=0&email_count_outgoing=0&ftp=0&http=232776&http_homedir=0&http_ul=3871&imap=0&other=0&pop=0&total=254701
2022 12 07=da=121109&email=0&email_count=0&email_count_incoming=0&email_count_outgoing=0&ftp=0&http=773874&http_homedir=0&http_ul=40631&imap=5128&other=0&pop=0&total=900111
2022 12 08=da=70973&email=0&email_count=0&email_count_incoming=0&email_count_outgoing=0&ftp=0&http=4164613&http_homedir=0&http_ul=97128&imap=0&other=0&pop=0&total=4235586
2022 12 09=da=21929&email=0&email_count=0&email_count_incoming=0&email_count_outgoing=0&ftp=0&http=5011169&http_homedir=0&http_ul=46062&imap=0&other=0&pop=0&total=5033098
2022 12 10=da=50510&email=0&email_count=0&email_count_incoming=0&email_count_outgoing=0&ftp=0&http=347225&http_homedir=0&http_ul=18237&imap=0&other=0&pop=0&total=397735
2022 12 11=da=21928&email=0&email_count=0&email_count_incoming=0&email_count_outgoing=0&ftp=0&http=442347&http_homedir=0&http_ul=12614&imap=0&other=0&pop=0&total=464275
2022 12 12=da=281545&email=0&email_count=0&email_count_incoming=0&email_count_outgoing=0&ftp=0&http=5980776&http_homedir=0&http_ul=39488&imap=0&other=0&pop=0&total=6262321
2022 12 13=da=21928&email=0&email_count=0&email_count_incoming=0&email_count_outgoing=0&ftp=0&http=1545291&http_homedir=0&http_ul=9179&imap=0&other=0&pop=0&total=1567219
2022 12 14=da=70967&email=0&email_count=0&email_count_incoming=0&email_count_outgoing=0&ftp=0&http=1896496&http_homedir=0&http_ul=13652&imap=0&other=0&pop=0&total=1967463
2022 12 15=da=0&email=0&email_count=0&email_count_incoming=0&email_count_outgoing=0&ftp=0&http=1692461&http_homedir=0&http_ul=17565&imap=0&other=0&pop=0&total=1692461
2022 12 16=da=43857&email=0&email_count=0&email_count_incoming=0&email_count_outgoing=0&ftp=0&http=3417531&http_homedir=0&http_ul=28002&imap=0&other=0&pop=0&total=3461388
2022 12 17=da=21929&email=0&email_count=0&email_count_incoming=0&email_count_outgoing=0&ftp=0&http=2214686&http_homedir=0&http_ul=74632&imap=0&other=0&pop=0&total=2236615
2022 12 18=da=0&email=0&email_count=0&email_count_incoming=0&email_count_outgoing=0&ftp=0&http=4949286&http_homedir=0&http_ul=42191&imap=0&other=0&pop=0&total=4949286
2022 12 19=da=49059&email=0&email_count=0&email_count_incoming=0&email_count_outgoing=0&ftp=0&http=1892384&http_homedir=0&http_ul=24093&imap=0&other=0&pop=0&total=1941443
2022 12 20=da=21929&email=0&email_count=0&email_count_incoming=0&email_count_outgoing=0&ftp=0&http=4486697&http_homedir=0&http_ul=39583&imap=0&other=0&pop=0&total=4508626
2022 12 21=da=0&email=0&email_count=0&email_count_incoming=0&email_count_outgoing=0&ftp=0&http=2154489&http_homedir=0&http_ul=52265&imap=0&other=0&pop=0&total=2154489
2022 12 22=da=49057&email=0&email_count=0&email_count_incoming=0&email_count_outgoing=0&ftp=0&http=3242416&http_homedir=0&http_ul=12901&imap=0&other=0&pop=0&total=3291473
2022 12 23=da=0&email=0&email_count=0&email_count_incoming=0&email_count_outgoing=0&ftp=0&http=3257115&http_homedir=0&http_ul=42853&imap=0&other=0&pop=0&total=3257115
2022 12 24=da=21927&email=0&email_count=0&email_count_incoming=0&email_count_outgoing=0&ftp=0&http=5255441&http_homedir=0&http_ul=26910&imap=0&other=0&pop=0&total=5277368
2022 12 25=da=49055&email=0&email_count=0&email_count_incoming=0&email_count_outgoing=0&ftp=0&http=501055&http_homedir=0&http_ul=10364&imap=0&other=0&pop=0&total=550110
2022 12 26=da=21929&email=0&email_count=0&email_count_incoming=0&email_count_outgoing=0&ftp=0&http=5264952&http_homedir=0&http_ul=14092&imap=0&other=0&pop=0&total=5286881
2022 12 27=da=21929&email=0&email_count=0&email_count_incoming=0&email_count_outgoing=0&ftp=0&http=3953162&http_homedir=0&http_ul=17921&imap=0&other=0&pop=0&total=3975091
2022 12 28=da=49057&email=0&email_count=0&email_count_incoming=0&email_count_outgoing=0&ftp=0&http=555137&http_homedir=0&http_ul=23294&imap=0&other=0&pop=0&total=604194
2022 12 29=da=0&email=93782&email_count=1&email_count_incoming=1&email_count_outgoing=0&ftp=0&http=3105037&http_homedir=0&http_ul=32043&imap=0&other=0&pop=0&total=3198819
2022 12 30=da=75043&email=0&email_count=0&email_count_incoming=0&email_count_outgoing=0&ftp=0&http=1973814&http_homedir=0&http_ul=13943&imap=85395&other=0&pop=0&total=2134252
2022 12 31=da=49059&email=0&email_count=0&email_count_incoming=0&email_count_outgoing=0&ftp=0&http=140997&http_homedir=0&http_ul=7465&imap=0&other=0&pop=0&total=190056
simpletotal=76395149
total=da=1275881&email=93782&email_count=1&email_count_incoming=1&email_count_outgoing=0&ftp=0&http=74934963&http_ul=843976&imap=90523&other=0&pop=0&total=76395149
